#
# A fatal error has been detected by the Java Runtime Environment:
#
#  EXCEPTION_ACCESS_VIOLATION (0xc0000005) at pc=0x511869e0, pid=23672, tid=23560
#
# JRE version: 7.0_25-b17
# Java VM: Java HotSpot(TM) Client VM (23.25-b01 mixed mode, sharing windows-x86 )
# Problematic frame:
# V  [jvm.dll+0xa69e0]
#
# Failed to write core dump. Minidumps are not enabled by default on client versions of Windows
#
# If you would like to submit a bug report, please visit:
#   http://bugreport.sun.com/bugreport/crash.jsp
#

---------------  T H R E A D  ---------------

Current thread (0x003cb000):  JavaThread "main" [_thread_in_vm, id=23560, stack(0x010e0000,0x01130000)]

siginfo: ExceptionCode=0xc0000005, reading address 0x00000000

Registers:
EAX=0x399d3888, EBX=0x63130da8, ECX=0x399d3888, EDX=0x00000000
ESP=0x0112f5cc, EBP=0x0112f5e4, ESI=0x399d7818, EDI=0x399d3888
EIP=0x511869e0, EFLAGS=0x00010206

Top of Stack: (sp=0x0112f5cc)
0x0112f5cc:   63131cc4 003cb000 00000000 73cf11cb
0x0112f5dc:   00337a8b 51245d06 0112f610 51186b99
0x0112f5ec:   00000000 63130da8 00000000 003cb000
0x0112f5fc:   003cb128 003cb000 04d28358 000000b1
0x0112f60c:   5134e190 0112f648 63105027 003cb128
0x0112f61c:   00000000 63130da8 63131cc4 e7cd186c
0x0112f62c:   003cb000 38470898 38ec4ec8 0112f628
0x0112f63c:   0112f784 63125c0c 00000000 0112f684 

Instructions: (pc=0x511869e0)
0x511869c0:   c2 50 57 e8 78 06 f8 ff 83 c4 0c 8b f8 85 f6 0f
0x511869d0:   84 1c 01 00 00 85 ff 0f 84 14 01 00 00 8b 55 08
0x511869e0:   8b 02 50 e8 58 80 f7 ff 83 c4 04 84 c0 74 34 a1
0x511869f0:   00 7e 3d 51 53 50 68 43 06 00 00 8b 4d 14 68 48 


Register to memory mapping:

EAX=0x399d3888 is an unknown value
EBX=0x63130da8 is an unknown value
ECX=0x399d3888 is an unknown value
EDX=0x00000000 is an unknown value
ESP=0x0112f5cc is pointing into the stack for thread: 0x003cb000
EBP=0x0112f5e4 is pointing into the stack for thread: 0x003cb000
ESI=0x399d7818 is an unknown value
EDI=0x399d3888 is an unknown value


Stack: [0x010e0000,0x01130000],  sp=0x0112f5cc,  free space=317k
Native frames: (J=compiled Java code, j=interpreted, Vv=VM code, C=native code)
V  [jvm.dll+0xa69e0]
V  [jvm.dll+0xa6b99]
C  [awt.dll+0x95027]  Java_java_awt_Window_initIDs+0xea
j  java.awt.Window.initIDs()V+0
j  java.awt.Window.<clinit>()V+36
v  ~StubRoutines::call_stub
V  [jvm.dll+0x124afa]
V  [jvm.dll+0x1d224e]
V  [jvm.dll+0x124b7d]
V  [jvm.dll+0x88876]
V  [jvm.dll+0x8925e]
V  [jvm.dll+0x8967a]
V  [jvm.dll+0x89958]
V  [jvm.dll+0x895c1]
V  [jvm.dll+0x89958]
V  [jvm.dll+0x895c1]
V  [jvm.dll+0x89958]
V  [jvm.dll+0x4fa62]
j  SocketKeeper.writeAdress(I)V+236
j  SocketKeeper.main([Ljava/lang/String;)V+47
v  ~StubRoutines::call_stub
V  [jvm.dll+0x124afa]
V  [jvm.dll+0x1d224e]
V  [jvm.dll+0x124b7d]
V  [jvm.dll+0xab0cf]
V  [jvm.dll+0xb5397]
C  [javaw.exe+0x206c]
C  [javaw.exe+0xa5b1]
C  [javaw.exe+0xa63b]
C  [KERNEL32.dll+0x1338a]  BaseThreadInitThunk+0x12
C  [ntdll.dll+0x39f72]  RtlInitializeExceptionChain+0x63
C  [ntdll.dll+0x39f45]  RtlInitializeExceptionChain+0x36

Java frames: (J=compiled Java code, j=interpreted, Vv=VM code)
j  java.awt.Window.initIDs()V+0
j  java.awt.Window.<clinit>()V+36
v  ~StubRoutines::call_stub
j  SocketKeeper.writeAdress(I)V+236
j  SocketKeeper.main([Ljava/lang/String;)V+47
v  ~StubRoutines::call_stub

---------------  P R O C E S S  ---------------

Java Threads: ( => current thread )
  0x011fb000 JavaThread "Java2D Disposer" daemon [_thread_blocked, id=23632, stack(0x05830000,0x05880000)]
  0x011fa800 JavaThread "Service Thread" daemon [_thread_blocked, id=23500, stack(0x04c70000,0x04cc0000)]
  0x01205400 JavaThread "C1 CompilerThread0" daemon [_thread_blocked, id=18420, stack(0x04ac0000,0x04b10000)]
  0x011fa400 JavaThread "Attach Listener" daemon [_thread_blocked, id=18260, stack(0x04c00000,0x04c50000)]
  0x011f9c00 JavaThread "Signal Dispatcher" daemon [_thread_blocked, id=8328, stack(0x012d0000,0x01320000)]
  0x011e4400 JavaThread "Finalizer" daemon [_thread_blocked, id=22176, stack(0x04a70000,0x04ac0000)]
  0x011e2800 JavaThread "Reference Handler" daemon [_thread_blocked, id=23784, stack(0x04830000,0x04880000)]
=>0x003cb000 JavaThread "main" [_thread_in_vm, id=23560, stack(0x010e0000,0x01130000)]

Other Threads:
  0x011e1000 VMThread [stack: 0x048a0000,0x048f0000] [id=22996]
  0x0122ec00 WatcherThread [stack: 0x049a0000,0x049f0000] [id=24240]

VM state:not at safepoint (normal execution)

VM Mutex/Monitor currently owned by a thread: None

Heap
 def new generation   total 4928K, used 1307K [0x243d0000, 0x24920000, 0x29920000)
  eden space 4416K,  29% used [0x243d0000, 0x24516cb0, 0x24820000)
  from space 512K,   0% used [0x24820000, 0x24820000, 0x248a0000)
  to   space 512K,   0% used [0x248a0000, 0x248a0000, 0x24920000)
 tenured generation   total 10944K, used 0K [0x29920000, 0x2a3d0000, 0x343d0000)
   the space 10944K,   0% used [0x29920000, 0x29920000, 0x29920200, 0x2a3d0000)
 compacting perm gen  total 12288K, used 399K [0x343d0000, 0x34fd0000, 0x383d0000)
   the space 12288K,   3% used [0x343d0000, 0x34433db8, 0x34433e00, 0x34fd0000)
    ro space 10240K,  42% used [0x383d0000, 0x38814240, 0x38814400, 0x38dd0000)
    rw space 12288K,  54% used [0x38dd0000, 0x39454d58, 0x39454e00, 0x399d0000)

Card table byte_map: [0x01010000,0x010c0000] byte_map_base: 0x00eee180

Polling page: 0x00220000

Code Cache  [0x027d0000, 0x02880000, 0x047d0000)
 total_blobs=234 nmethods=57 adapters=112 free_code_cache=32088Kb largest_free_block=32858688

Compilation events (10 events):
Event: 0.601 Thread 0x01205400   52   !         sun.java2d.SunGraphics2D::fillRect (74 bytes)
Event: 0.601 Thread 0x01205400 nmethod 52 0x02878f88 code [0x028790b0, 0x028792c4]
Event: 0.601 Thread 0x01205400   53             sun.java2d.pipe.LoopPipe::fillRect (32 bytes)
Event: 0.601 Thread 0x01205400 nmethod 53 0x02879548 code [0x02879650, 0x0287972c]
Event: 0.601 Thread 0x01205400   54             sun.java2d.SunGraphics2D::getSurfaceData (5 bytes)
Event: 0.601 Thread 0x01205400 nmethod 54 0x02879848 code [0x02879940, 0x028799c0]
Event: 0.601 Thread 0x01205400   56             sun.java2d.SurfaceData::markDirty (8 bytes)
Event: 0.602 Thread 0x01205400 nmethod 56 0x02879a08 code [0x02879b00, 0x02879b90]
Event: 0.602 Thread 0x01205400   57             sun.java2d.StateTrackableDelegate::markDirty (6 bytes)
Event: 0.602 Thread 0x01205400 nmethod 57 0x02879c08 code [0x02879d00, 0x02879d90]

GC Heap History (0 events):
No events

Deoptimization events (0 events):
No events

Internal exceptions (10 events):
Event: 0.565 Thread 0x003cb000 Threw 0x244d4510 at C:\jdk7u2_32P\jdk7u25\hotspot\src\share\vm\prims\jvm.cpp:1235
Event: 0.585 Thread 0x003cb000 Threw 0x244e5b98 at C:\jdk7u2_32P\jdk7u25\hotspot\src\share\vm\prims\jvm.cpp:1235
Event: 0.585 Thread 0x003cb000 Threw 0x244e5da8 at C:\jdk7u2_32P\jdk7u25\hotspot\src\share\vm\prims\jvm.cpp:1235
Event: 0.586 Thread 0x003cb000 Threw 0x244e9fd8 at C:\jdk7u2_32P\jdk7u25\hotspot\src\share\vm\prims\jvm.cpp:1235
Event: 0.586 Thread 0x003cb000 Threw 0x244ea1e8 at C:\jdk7u2_32P\jdk7u25\hotspot\src\share\vm\prims\jvm.cpp:1235
Event: 0.586 Thread 0x003cb000 Threw 0x244eb180 at C:\jdk7u2_32P\jdk7u25\hotspot\src\share\vm\prims\jvm.cpp:1235
Event: 0.586 Thread 0x003cb000 Threw 0x244ebd90 at C:\jdk7u2_32P\jdk7u25\hotspot\src\share\vm\prims\jvm.cpp:1235
Event: 0.587 Thread 0x003cb000 Threw 0x244ecf78 at C:\jdk7u2_32P\jdk7u25\hotspot\src\share\vm\prims\jni.cpp:716
Event: 0.594 Thread 0x003cb000 Threw 0x244f6928 at C:\jdk7u2_32P\jdk7u25\hotspot\src\share\vm\prims\jni.cpp:716
Event: 0.602 Thread 0x003cb000 Threw 0x2450f648 at C:\jdk7u2_32P\jdk7u25\hotspot\src\share\vm\classfile\systemDictionary.cpp:177

Events (10 events):
Event: 0.598 loading class 0x39a01100
Event: 0.598 loading class 0x39a01100 done
Event: 0.602 loading class 0x39a27218
Event: 0.602 loading class 0x39a28030
Event: 0.602 loading class 0x39a28030 done
Event: 0.602 loading class 0x39a27218 done
Event: 0.602 loading class 0x39a23e10
Event: 0.602 loading class 0x39a23e10 done
Event: 0.602 loading class 0x39a23268
Event: 0.602 loading class 0x39a23268 done


Dynamic libraries:
0x013a0000 - 0x013cf000 	C:\Program Files (x86)\Java\jre7\bin\javaw.exe
0x77190000 - 0x77310000 	C:\Windows\SysWOW64\ntdll.dll
0x734c0000 - 0x734ff000 	C:\Program Files\AVAST Software\Avast\snxhk.dll
0x75940000 - 0x75a50000 	C:\Windows\syswow64\KERNEL32.dll
0x75a50000 - 0x75a97000 	C:\Windows\syswow64\KERNELBASE.dll
0x75040000 - 0x750e0000 	C:\Windows\syswow64\ADVAPI32.dll
0x767d0000 - 0x7687c000 	C:\Windows\syswow64\msvcrt.dll
0x757c0000 - 0x757d9000 	C:\Windows\SysWOW64\sechost.dll
0x76c90000 - 0x76d80000 	C:\Windows\syswow64\RPCRT4.dll
0x74bc0000 - 0x74c20000 	C:\Windows\syswow64\SspiCli.dll
0x74bb0000 - 0x74bbc000 	C:\Windows\syswow64\CRYPTBASE.dll
0x75170000 - 0x75270000 	C:\Windows\syswow64\USER32.dll
0x76880000 - 0x76910000 	C:\Windows\syswow64\GDI32.dll
0x767c0000 - 0x767ca000 	C:\Windows\syswow64\LPK.dll
0x76bf0000 - 0x76c8d000 	C:\Windows\syswow64\USP10.dll
0x73500000 - 0x7369e000 	C:\Windows\WinSxS\x86_microsoft.windows.common-controls_6595b64144ccf1df_6.0.7601.17514_none_41e6975e2bd6f2b2\COMCTL32.dll
0x75aa0000 - 0x75af7000 	C:\Windows\syswow64\SHLWAPI.dll
0x74dd0000 - 0x74e30000 	C:\Windows\system32\IMM32.DLL
0x769c0000 - 0x76a8c000 	C:\Windows\syswow64\MSCTF.dll
0x71f60000 - 0x71f9a000 	C:\Windows\SysWOW64\nvinit.dll
0x0f000000 - 0x0f006000 	C:\Program Files (x86)\NVIDIA Corporation\CoProcManager\_etoured.dll
0x73430000 - 0x7347b000 	C:\Program Files (x86)\NVIDIA Corporation\CoProcManager\nvd3d9wrap.dll
0x74c30000 - 0x74dcd000 	C:\Windows\syswow64\SETUPAPI.dll
0x75910000 - 0x75937000 	C:\Windows\syswow64\CFGMGR32.dll
0x750e0000 - 0x7516f000 	C:\Windows\syswow64\OLEAUT32.dll
0x75530000 - 0x7568c000 	C:\Windows\syswow64\ole32.dll
0x74e30000 - 0x74e42000 	C:\Windows\syswow64\DEVOBJ.dll
0x733f0000 - 0x73423000 	C:\Program Files (x86)\NVIDIA Corporation\CoProcManager\nvdxgiwrap.dll
0x58210000 - 0x582ce000 	C:\Program Files (x86)\Java\jre7\bin\msvcr100.dll
0x510e0000 - 0x51422000 	C:\Program Files (x86)\Java\jre7\bin\client\jvm.dll
0x74230000 - 0x74237000 	C:\Windows\system32\WSOCK32.dll
0x76a90000 - 0x76ac5000 	C:\Windows\syswow64\WS2_32.dll
0x77160000 - 0x77166000 	C:\Windows\syswow64\NSI.dll
0x71db0000 - 0x71de2000 	C:\Windows\system32\WINMM.dll
0x75b00000 - 0x75b05000 	C:\Windows\syswow64\PSAPI.DLL
0x6a310000 - 0x6a31c000 	C:\Program Files (x86)\Java\jre7\bin\verify.dll
0x63300000 - 0x63320000 	C:\Program Files (x86)\Java\jre7\bin\java.dll
0x63380000 - 0x63393000 	C:\Program Files (x86)\Java\jre7\bin\zip.dll
0x63270000 - 0x63284000 	C:\Program Files (x86)\Java\jre7\bin\net.dll
0x73a20000 - 0x73a5c000 	C:\Windows\system32\mswsock.dll
0x72ae0000 - 0x72ae6000 	C:\Windows\System32\wship6.dll
0x716c0000 - 0x716d0000 	C:\Windows\system32\NLAapi.dll
0x71370000 - 0x71380000 	C:\Windows\system32\napinsp.dll
0x71350000 - 0x71362000 	C:\Windows\system32\pnrpnsp.dll
0x71300000 - 0x71344000 	C:\Windows\system32\DNSAPI.dll
0x712f0000 - 0x712f8000 	C:\Windows\System32\winrnr.dll
0x712e0000 - 0x712ed000 	C:\Windows\system32\wshbth.dll
0x712b0000 - 0x712d7000 	C:\Program Files (x86)\Common Files\Microsoft Shared\Windows Live\WLIDNSP.DLL
0x71280000 - 0x712a1000 	C:\Program Files (x86)\Bonjour\mdnsNSP.dll
0x728b0000 - 0x728cc000 	C:\Windows\system32\Iphlpapi.DLL
0x728a0000 - 0x728a7000 	C:\Windows\system32\WINNSI.DLL
0x73a10000 - 0x73a15000 	C:\Windows\System32\wshtcpip.dll
0x71230000 - 0x71236000 	C:\Windows\system32\rasadhlp.dll
0x71240000 - 0x71278000 	C:\Windows\System32\fwpuclnt.dll
0x63070000 - 0x631b4000 	C:\Program Files (x86)\Java\jre7\bin\awt.dll
0x70f00000 - 0x70f13000 	C:\Windows\system32\DWMAPI.DLL
0x72c30000 - 0x72d1b000 	C:\Windows\system32\dbghelp.dll

VM Arguments:
java_command: C:\Users\kor_ka\Documents\GitHub\SST\bin\SST.jar
Launcher Type: SUN_STANDARD

Environment Variables:
PATH=C:\Program Files (x86)\NVIDIA Corporation\PhysX\Common;C:\Program Files\Common Files\Microsoft Shared\Windows Live;C:\Program Files (x86)\Common Files\Microsoft Shared\Windows Live;C:\Program Files\Broadcom\Broadcom 802.11 Network Adapter\Driver;C:\Program Files (x86)\Intel\iCLS Client\;C:\Program Files\Intel\iCLS Client\;C:\Windows\system32;C:\Windows;C:\Windows\System32\Wbem;C:\Windows\System32\WindowsPowerShell\v1.0\;C:\Program Files\Intel\Intel(R) Management Engine Components\DAL;C:\Program Files\Intel\Intel(R) Management Engine Components\IPT;C:\Program Files (x86)\Intel\Intel(R) Management Engine Components\DAL;C:\Program Files (x86)\Intel\Intel(R) Management Engine Components\IPT;C:\Program Files (x86)\Intel\OpenCL SDK\2.0\bin\x86;C:\Program Files (x86)\Intel\OpenCL SDK\2.0\bin\x64;C:\Program Files\WIDCOMM\Bluetooth Software\;C:\Program Files\WIDCOMM\Bluetooth Software\syswow64;C:\Program Files\Common Files\Lenovo;C:\Program Files (x86)\Common Files\Ulead Systems\MPEG;C:\Program Files (x86)\Windows Live\Shared;C:\SWTOOLS\ReadyApps;C:\Program Files (x86)\Symantec\VIP Access Client\;C:\Program Files (x86)\Common Files\Lenovo;C:\Program Files (x86)\Intel\OpenCL SDK\2.0\bin\x86;C:\Program Files (x86)\Intel\OpenCL SDK\2.0\bin\x64;.;;.;
USERNAME=kor_ka
OS=Windows_NT
PROCESSOR_IDENTIFIER=Intel64 Family 6 Model 42 Stepping 7, GenuineIntel



---------------  S Y S T E M  ---------------

OS: Windows 7 , 64 bit Build 7601 Service Pack 1

CPU:total 4 (2 cores per cpu, 2 threads per core) family 6 model 42 stepping 7, cmov, cx8, fxsr, mmx, sse, sse2, sse3, ssse3, sse4.1, sse4.2, popcnt, avx, ht, tsc, tscinvbit

Memory: 4k page, physical 3773892k(827316k free), swap 7545920k(2587728k free)

vm_info: Java HotSpot(TM) Client VM (23.25-b01) for windows-x86 JRE (1.7.0_25-b17), built on Jun 21 2013 13:06:48 by "java_re" with unknown MS VC++:1600

time: Tue Jun 03 23:50:55 2014
elapsed time: 0 seconds

